c:\users\tklein\documents\gitlab\vis1_2017\framework\tmp\release\vc140.pdb
c:\users\tklein\documents\gitlab\vis1_2017\framework\tmp\release\volume.obj
c:\users\tklein\documents\gitlab\vis1_2017\framework\tmp\release\vectorfield.obj
c:\users\tklein\documents\gitlab\vis1_2017\framework\tmp\release\vector.obj
c:\users\tklein\documents\gitlab\vis1_2017\framework\tmp\release\multiset.obj
c:\users\tklein\documents\gitlab\vis1_2017\framework\tmp\release\mainwindow.obj
c:\users\tklein\documents\gitlab\vis1_2017\framework\tmp\release\main.obj
c:\users\tklein\documents\gitlab\vis1_2017\framework\tmp\release\glwidget.obj
c:\users\tklein\documents\gitlab\vis1_2017\framework\tmp\release\camera.obj
c:\users\tklein\documents\gitlab\vis1_2017\framework\tmp\release\moc_mainwindow.obj
c:\users\tklein\documents\gitlab\vis1_2017\framework\tmp\release\moc_glwidget.obj
c:\users\tklein\documents\gitlab\vis1_2017\framework\tmp\release\glsw.obj
c:\users\tklein\documents\gitlab\vis1_2017\framework\tmp\release\bstrlib.obj
c:\users\tklein\desktop\framework_students\tmp\release\vc140.pdb
c:\users\tklein\desktop\framework_students\tmp\release\volume.obj
c:\users\tklein\desktop\framework_students\tmp\release\mainwindow.obj
c:\users\tklein\desktop\framework_students\tmp\release\main.obj
c:\users\tklein\desktop\framework_students\tmp\release\glwidget.obj
c:\users\tklein\desktop\framework_students\tmp\release\camera.obj
c:\users\tklein\desktop\framework_students\tmp\release\moc_mainwindow.obj
c:\users\tklein\desktop\framework_students\tmp\release\moc_glwidget.obj
c:\users\tklein\desktop\framework_students\tmp\release\glsw.obj
c:\users\tklein\desktop\framework_students\tmp\release\bstrlib.obj
c:\users\tklein\owncloud\teaching\vis1\2018\uebung_1\framework_students\tmp\release\vc140.pdb
c:\users\tklein\owncloud\teaching\vis1\2018\uebung_1\framework_students\tmp\release\volume.obj
c:\users\tklein\owncloud\teaching\vis1\2018\uebung_1\framework_students\tmp\release\mainwindow.obj
c:\users\tklein\owncloud\teaching\vis1\2018\uebung_1\framework_students\tmp\release\main.obj
c:\users\tklein\owncloud\teaching\vis1\2018\uebung_1\framework_students\tmp\release\glwidget.obj
c:\users\tklein\owncloud\teaching\vis1\2018\uebung_1\framework_students\tmp\release\camera.obj
c:\users\tklein\owncloud\teaching\vis1\2018\uebung_1\framework_students\tmp\release\moc_mainwindow.obj
c:\users\tklein\owncloud\teaching\vis1\2018\uebung_1\framework_students\tmp\release\moc_glwidget.obj
c:\users\tklein\owncloud\teaching\vis1\2018\uebung_1\framework_students\tmp\release\glsw.obj
c:\users\tklein\owncloud\teaching\vis1\2018\uebung_1\framework_students\tmp\release\bstrlib.obj
c:\users\user\documents\visualisieren1\framework_students\tmp\release\vc141.pdb
c:\users\user\documents\visualisieren1\framework_students\tmp\release\volume.obj
c:\users\user\documents\visualisieren1\framework_students\tmp\release\mainwindow.obj
c:\users\user\documents\visualisieren1\framework_students\tmp\release\main.obj
c:\users\user\documents\visualisieren1\framework_students\tmp\release\glwidget.obj
c:\users\user\documents\visualisieren1\framework_students\tmp\release\camera.obj
c:\users\user\documents\visualisieren1\framework_students\tmp\release\moc_mainwindow.obj
c:\users\user\documents\visualisieren1\framework_students\tmp\release\moc_glwidget.obj
c:\users\user\documents\visualisieren1\framework_students\tmp\release\glsw.obj
c:\users\user\documents\visualisieren1\framework_students\tmp\release\bstrlib.obj
c:\users\tklein\documents\gitlab\vis1_2017\framework\generated\moc_mainwindow.cpp
c:\users\tklein\documents\gitlab\vis1_2017\framework\generated\ui_mainwindow.h
c:\users\tklein\desktop\framework_students\generated\moc_mainwindow.cpp
c:\users\tklein\desktop\framework_students\generated\ui_mainwindow.h
c:\users\tklein\owncloud\teaching\vis1\2018\uebung_1\framework_students\generated\moc_mainwindow.cpp
c:\users\tklein\owncloud\teaching\vis1\2018\uebung_1\framework_students\generated\ui_mainwindow.h
c:\users\user\documents\visualisieren1\framework_students\generated\moc_mainwindow.cpp
c:\users\user\documents\visualisieren1\framework_students\generated\ui_mainwindow.h
c:\users\tklein\documents\gitlab\vis1_2017\framework\bin\release\visualisierung1.exe
c:\users\tklein\documents\gitlab\vis1_2017\framework\bin\release\visualisierung1.ipdb
c:\users\tklein\documents\gitlab\vis1_2017\framework\bin\release\visualisierung1.iobj
c:\users\tklein\documents\gitlab\vis1_2017\framework\bin\release\visualisierung1.pdb
c:\users\tklein\desktop\framework_students\bin\release\visualisierung1.exe
c:\users\tklein\desktop\framework_students\bin\release\visualisierung1.ipdb
c:\users\tklein\desktop\framework_students\bin\release\visualisierung1.iobj
c:\users\tklein\desktop\framework_students\bin\release\visualisierung1.pdb
c:\users\tklein\owncloud\teaching\vis1\2018\uebung_1\framework_students\bin\release\visualisierung1.exe
c:\users\tklein\owncloud\teaching\vis1\2018\uebung_1\framework_students\bin\release\visualisierung1.ipdb
c:\users\tklein\owncloud\teaching\vis1\2018\uebung_1\framework_students\bin\release\visualisierung1.iobj
c:\users\tklein\owncloud\teaching\vis1\2018\uebung_1\framework_students\bin\release\visualisierung1.pdb
c:\users\user\documents\visualisieren1\framework_students\bin\release\visualisierung1.exe
c:\users\user\documents\visualisieren1\framework_students\bin\release\visualisierung1.pdb
c:\users\user\documents\visualisieren1\framework_students\bin\release\visualisierung1.ipdb
c:\users\user\documents\visualisieren1\framework_students\bin\release\visualisierung1.iobj
c:\users\user\documents\visualisieren1\framework_students\tmp\release\multiset.obj
c:\users\user\documents\visualisieren1\framework_students\tmp\release\vector.obj
c:\users\user\documents\visualisieren1\framework_students\tmp\release\vectorfield.obj
c:\users\user\documents\visualisieren1\framework_students\tmp\release\vc140.pdb
c:\users\user\documents\visualisieren1\framework_students\tmp\release\visualisierung1.tlog\cl.command.1.tlog
c:\users\user\documents\visualisieren1\framework_students\tmp\release\visualisierung1.tlog\cl.read.1.tlog
c:\users\user\documents\visualisieren1\framework_students\tmp\release\visualisierung1.tlog\cl.write.1.tlog
c:\users\user\documents\visualisieren1\framework_students\tmp\release\visualisierung1.tlog\custombuild.command.1.tlog
c:\users\user\documents\visualisieren1\framework_students\tmp\release\visualisierung1.tlog\custombuild.read.1.tlog
c:\users\user\documents\visualisieren1\framework_students\tmp\release\visualisierung1.tlog\custombuild.write.1.tlog
c:\users\user\documents\visualisieren1\framework_students\tmp\release\visualisierung1.tlog\link.command.1.tlog
c:\users\user\documents\visualisieren1\framework_students\tmp\release\visualisierung1.tlog\link.read.1.tlog
c:\users\user\documents\visualisieren1\framework_students\tmp\release\visualisierung1.tlog\link.write.1.tlog
c:\users\user\documents\visualisieren1\framework_students\tmp\release\visualisierung1.tlog\visualisierung1.write.1u.tlog
