c:\users\user\documents\visualisieren1\framework_students\tmp\debug\vc141.pdb
c:\users\user\documents\visualisieren1\framework_students\tmp\debug\vc141.idb
c:\users\user\documents\visualisieren1\framework_students\tmp\debug\volume.obj
c:\users\user\documents\visualisieren1\framework_students\tmp\debug\mainwindow.obj
c:\users\user\documents\visualisieren1\framework_students\tmp\debug\main.obj
c:\users\user\documents\visualisieren1\framework_students\tmp\debug\glwidget.obj
c:\users\user\documents\visualisieren1\framework_students\tmp\debug\camera.obj
c:\users\user\documents\visualisieren1\framework_students\tmp\debug\moc_mainwindow.obj
c:\users\user\documents\visualisieren1\framework_students\tmp\debug\moc_glwidget.obj
c:\users\user\documents\visualisieren1\framework_students\tmp\debug\glsw.obj
c:\users\user\documents\visualisieren1\framework_students\tmp\debug\bstrlib.obj
c:\users\user\documents\visualisieren1\framework_students\generated\moc_mainwindow.cpp
c:\users\user\documents\visualisieren1\framework_students\generated\moc_glwidget.cpp
c:\users\user\documents\visualisieren1\framework_students\generated\ui_mainwindow.h
c:\users\user\documents\visualisieren1\framework_students\bin\debug\visualisierung1.exe
c:\users\user\documents\visualisieren1\framework_students\bin\debug\visualisierung1.ilk
c:\users\user\documents\visualisieren1\framework_students\bin\debug\visualisierung1.pdb
c:\users\user\documents\visualisieren1\framework_students\tmp\debug\multiset.obj
c:\users\user\documents\visualisieren1\framework_students\tmp\debug\vector.obj
c:\users\user\documents\visualisieren1\framework_students\tmp\debug\vectorfield.obj
c:\users\user\documents\visualisieren1\framework_students\tmp\debug\glwidget.obj.enc
c:\users\user\documents\visualisieren1\framework_students\tmp\debug\vc140.idb
c:\users\user\documents\visualisieren1\framework_students\tmp\debug\vc140.pdb
c:\users\user\documents\visualisieren1\framework_students\tmp\debug\visualisierung1.tlog\cl.command.1.tlog
c:\users\user\documents\visualisieren1\framework_students\tmp\debug\visualisierung1.tlog\cl.read.1.tlog
c:\users\user\documents\visualisieren1\framework_students\tmp\debug\visualisierung1.tlog\cl.write.1.tlog
c:\users\user\documents\visualisieren1\framework_students\tmp\debug\visualisierung1.tlog\custombuild.command.1.tlog
c:\users\user\documents\visualisieren1\framework_students\tmp\debug\visualisierung1.tlog\custombuild.read.1.tlog
c:\users\user\documents\visualisieren1\framework_students\tmp\debug\visualisierung1.tlog\custombuild.write.1.tlog
c:\users\user\documents\visualisieren1\framework_students\tmp\debug\visualisierung1.tlog\link.command.1.tlog
c:\users\user\documents\visualisieren1\framework_students\tmp\debug\visualisierung1.tlog\link.delete.1.tlog
c:\users\user\documents\visualisieren1\framework_students\tmp\debug\visualisierung1.tlog\link.read.1.tlog
c:\users\user\documents\visualisieren1\framework_students\tmp\debug\visualisierung1.tlog\link.write.1.tlog
